TN:test
SF:/home/manwoodt/School21/c++/new/CPP1_s21_matrixplus-1/src/s21_constructors.cc
FN:4,_ZN9S21MatrixC2Ev
FN:7,_ZN9S21MatrixC2Eii
FN:13,_ZN9S21MatrixC2ERKS_
FN:20,_ZN9S21MatrixC2EOS_
FN:29,_ZN9S21MatrixaSERKS_
FN:52,_ZN9S21MatrixaSEOS_
FN:62,_ZN9S21MatrixD2Ev
FN:67,_GLOBAL__sub_I__ZN9S21MatrixC2Ev
FN:67,_Z41__static_initialization_and_destruction_0ii
FNDA:3,_ZN9S21MatrixC2Ev
FNDA:135,_ZN9S21MatrixC2Eii
FNDA:10,_ZN9S21MatrixC2ERKS_
FNDA:1,_ZN9S21MatrixC2EOS_
FNDA:0,_ZN9S21MatrixaSERKS_
FNDA:13,_ZN9S21MatrixaSEOS_
FNDA:149,_ZN9S21MatrixD2Ev
FNDA:1,_GLOBAL__sub_I__ZN9S21MatrixC2Ev
FNDA:1,_Z41__static_initialization_and_destruction_0ii
FNF:9
FNH:8
DA:4,3
DA:7,135
DA:9,135
DA:10,135
DA:13,10
DA:14,10
DA:15,10
DA:16,20
DA:17,10
DA:18,10
DA:20,1
DA:21,1
DA:22,1
DA:23,1
DA:24,1
DA:25,1
DA:29,0
DA:39,0
DA:41,0
DA:43,0
DA:44,0
DA:45,0
DA:46,0
DA:48,0
DA:52,13
DA:53,13
DA:54,13
DA:55,13
DA:56,13
DA:59,13
DA:62,298
DA:64,149
DA:65,149
DA:66,149
DA:67,152
LF:35
LH:27
end_of_record
TN:test
SF:/home/manwoodt/School21/c++/new/CPP1_s21_matrixplus-1/src/s21_overloads.cc
FN:3,_ZN9S21MatrixclEii
FN:10,_ZNK9S21MatrixclEii
FN:17,_ZNK9S21MatrixplERKS_
FN:23,_ZNK9S21MatrixmiERKS_
FN:28,_ZNK9S21MatrixmlERKS_
FN:33,_ZNK9S21MatrixmlEd
FN:39,_ZN9S21MatrixpLERKS_
FN:43,_ZN9S21MatrixmIERKS_
FN:47,_ZN9S21MatrixmLERKS_
FN:51,_ZN9S21MatrixmLEd
FN:56,_ZNK9S21MatrixeqERKS_
FN:58,_Z41__static_initialization_and_destruction_0ii
FN:58,_GLOBAL__sub_I__ZN9S21MatrixclEii
FNDA:447,_ZN9S21MatrixclEii
FNDA:263,_ZNK9S21MatrixclEii
FNDA:1,_ZNK9S21MatrixplERKS_
FNDA:1,_ZNK9S21MatrixmiERKS_
FNDA:0,_ZNK9S21MatrixmlERKS_
FNDA:1,_ZNK9S21MatrixmlEd
FNDA:1,_ZN9S21MatrixpLERKS_
FNDA:1,_ZN9S21MatrixmIERKS_
FNDA:2,_ZN9S21MatrixmLERKS_
FNDA:1,_ZN9S21MatrixmLEd
FNDA:18,_ZNK9S21MatrixeqERKS_
FNDA:1,_GLOBAL__sub_I__ZN9S21MatrixclEii
FNDA:1,_Z41__static_initialization_and_destruction_0ii
FNF:13
FNH:12
DA:3,447
DA:4,447
DA:5,0
DA:7,447
DA:10,263
DA:11,263
DA:12,0
DA:14,263
DA:17,1
DA:18,1
DA:19,1
DA:20,1
DA:23,1
DA:24,1
DA:25,1
DA:26,1
DA:28,0
DA:29,0
DA:30,0
DA:31,0
DA:33,1
DA:34,1
DA:35,1
DA:36,1
DA:39,1
DA:40,1
DA:41,1
DA:43,1
DA:44,1
DA:45,1
DA:47,2
DA:48,2
DA:49,2
DA:51,1
DA:52,1
DA:53,1
DA:56,18
DA:57,18
DA:58,3
LF:39
LH:33
end_of_record
TN:test
SF:/home/manwoodt/School21/c++/new/CPP1_s21_matrixplus-1/src/s21_difficult_operations.cc
FN:3,_ZNK9S21Matrix9TransposeEv
FN:13,_ZNK9S21Matrix10Find_minorEii
FN:39,_ZNK9S21Matrix11DeterminantEv
FN:56,_ZNK9S21Matrix15CalcComplementsEv
FN:74,_ZNK9S21Matrix13InverseMatrixEv
FN:93,_GLOBAL__sub_I__ZNK9S21Matrix9TransposeEv
FN:93,_Z41__static_initialization_and_destruction_0ii
FNDA:2,_ZNK9S21Matrix9TransposeEv
FNDA:73,_ZNK9S21Matrix10Find_minorEii
FNDA:74,_ZNK9S21Matrix11DeterminantEv
FNDA:3,_ZNK9S21Matrix15CalcComplementsEv
FNDA:1,_ZNK9S21Matrix13InverseMatrixEv
FNDA:1,_GLOBAL__sub_I__ZNK9S21Matrix9TransposeEv
FNDA:1,_Z41__static_initialization_and_destruction_0ii
FNF:7
FNH:7
DA:3,2
DA:4,2
DA:5,8
DA:6,24
DA:7,18
DA:10,2
DA:13,73
DA:14,73
DA:16,0
DA:18,73
DA:19,0
DA:21,73
DA:22,0
DA:24,73
DA:26,244
DA:27,171
DA:28,344
DA:29,246
DA:30,148
DA:31,148
DA:33,98
DA:36,73
DA:39,74
DA:40,74
DA:41,0
DA:44,74
DA:45,26
DA:46,26
DA:48,80
DA:49,108
DA:50,54
DA:51,54
DA:53,26
DA:56,3
DA:57,3
DA:59,1
DA:62,2
DA:63,2
DA:64,8
DA:65,24
DA:66,36
DA:67,18
DA:68,18
DA:71,2
DA:74,1
DA:75,1
DA:76,1
DA:77,1
DA:79,0
DA:82,2
DA:83,1
DA:84,1
DA:86,1
DA:87,4
DA:88,12
DA:89,9
DA:92,2
DA:93,3
LF:58
LH:53
end_of_record
TN:test
SF:/home/manwoodt/School21/c++/new/CPP1_s21_matrixplus-1/src/s21_base_operations.cc
FN:3,_ZNK9S21Matrix7GetRowsEv
FN:5,_ZNK9S21Matrix7GetColsEv
FN:7,_ZN9S21Matrix7SetRowsEi
FN:20,_ZN9S21Matrix7SetColsEi
FN:31,_ZNK9S21Matrix7GetSizeEv
FN:33,_ZNK9S21Matrix8EqMatrixERKS_
FN:45,_ZN9S21Matrix9SumMatrixERKS_
FN:53,_ZN9S21Matrix9SubMatrixERKS_
FN:61,_ZN9S21Matrix9MulNumberEd
FN:67,_ZN9S21Matrix9MulMatrixERKS_
FN:82,_ZNK9S21Matrix11PrintMatrixEv
FN:93,_Z41__static_initialization_and_destruction_0ii
FN:93,_GLOBAL__sub_I__ZNK9S21Matrix7GetRowsEv
FNDA:26,_ZNK9S21Matrix7GetRowsEv
FNDA:25,_ZNK9S21Matrix7GetColsEv
FNDA:3,_ZN9S21Matrix7SetRowsEi
FNDA:1,_ZN9S21Matrix7SetColsEi
FNDA:156,_ZNK9S21Matrix7GetSizeEv
FNDA:24,_ZNK9S21Matrix8EqMatrixERKS_
FNDA:3,_ZN9S21Matrix9SumMatrixERKS_
FNDA:3,_ZN9S21Matrix9SubMatrixERKS_
FNDA:3,_ZN9S21Matrix9MulNumberEd
FNDA:3,_ZN9S21Matrix9MulMatrixERKS_
FNDA:0,_ZNK9S21Matrix11PrintMatrixEv
FNDA:1,_GLOBAL__sub_I__ZNK9S21Matrix7GetRowsEv
FNDA:1,_Z41__static_initialization_and_destruction_0ii
FNF:13
FNH:12
DA:3,26
DA:5,25
DA:7,3
DA:8,3
DA:9,3
DA:10,4
DA:11,4
DA:12,4
DA:13,2
DA:16,2
DA:18,3
DA:20,1
DA:21,1
DA:23,2
DA:24,2
DA:25,2
DA:26,1
DA:28,1
DA:29,1
DA:31,156
DA:33,24
DA:34,24
DA:36,138
DA:37,120
DA:38,3
DA:42,18
DA:45,3
DA:46,3
DA:47,0
DA:48,6
DA:49,3
DA:51,3
DA:53,3
DA:54,3
DA:55,0
DA:56,6
DA:57,3
DA:59,3
DA:61,3
DA:62,6
DA:63,3
DA:65,3
DA:67,3
DA:68,3
DA:70,0
DA:71,6
DA:72,10
DA:73,24
DA:74,60
DA:75,43
DA:79,3
DA:80,3
DA:82,0
DA:83,0
DA:85,0
DA:86,0
DA:88,0
DA:90,0
DA:92,0
DA:93,3
LF:60
LH:50
end_of_record
